[2025-03-22 08:00:46.373][INF] <23><.NET TP Worker> name: MuMuEmulator12, extras: {}
[2025-03-22 08:00:46.373][INF] <23><.NET TP Worker> Already connected to C:\Program Files\Netease\MuMuPlayerGlobal-12.0\shell\.\adb.exe 127.0.0.1:16384
[2025-03-22 08:00:46.422][INF] <1><> 正在连接模拟器……
[2025-03-22 08:00:46.422][INF] <1><> 正在运行中……
[2025-03-22 08:00:46.989][INF] <1><> 开始任务: StartUp
[2025-03-22 08:01:06.867][INF] <1><> 截图用时较长(平均: 509ms)，自动战斗类功能（如自动肉鸽）可能表现异常。
[2025-03-22 08:01:50.908][INF] <1><> 完成任务: StartUp
[2025-03-22 08:01:51.408][INF] <1><> 开始任务: Fight
[2025-03-22 08:02:21.852][INF] <1><> 已开始行动 1 次
理智: 38/180
[2025-03-22 08:04:01.257][INF] <1><> 1-7 掉落统计: 
龙门币 : 72 (+72)
固源岩 : 2 (+2)
基础作战记录 : 2 (+2)
赤金 : 1 (+1)
[2025-03-22 08:04:17.096][INF] <1><> 已开始行动 2 次
理智: 33/180
[2025-03-22 08:05:54.822][INF] <1><> 1-7 掉落统计: 
龙门币 : 144 (+72)
固源岩 : 3 (+1)
基础作战记录 : 3 (+1)
赤金 : 1
[2025-03-22 08:06:11.582][INF] <1><> 已开始行动 3 次
理智: 27/180
[2025-03-22 08:07:48.231][INF] <1><> 1-7 掉落统计: 
龙门币 : 216 (+72)
固源岩 : 4 (+1)
基础作战记录 : 4 (+1)
赤金 : 1
[2025-03-22 08:08:03.726][INF] <1><> 已开始行动 4 次
理智: 21/180
[2025-03-22 08:09:40.786][INF] <1><> 1-7 掉落统计: 
龙门币 : 288 (+72)
固源岩 : 5 (+1)
基础作战记录 : 5 (+1)
赤金 : 2 (+1)
[2025-03-22 08:09:57.543][INF] <1><> 已开始行动 5 次
理智: 16/180
[2025-03-22 08:11:34.361][INF] <1><> 1-7 掉落统计: 
龙门币 : 360 (+72)
固源岩 : 6 (+1)
基础作战记录 : 7 (+2)
赤金 : 2
[2025-03-22 08:11:51.285][INF] <1><> 已开始行动 6 次
理智: 10/180
[2025-03-22 08:13:33.064][INF] <1><> 1-7 掉落统计: 
龙门币 : 432 (+72)
固源岩 : 8 (+2)
基础作战记录 : 8 (+1)
赤金 : 2
[2025-03-22 08:13:52.348][INF] <1><> 完成任务: Fight
理智: 4/180  
[2025-03-22 08:13:52.848][INF] <1><> 开始任务: Recruit
[2025-03-22 08:14:18.405][INF] <1><> 公招识别结果: 
控场
费用回复
输出
减速
元素
[2025-03-22 08:14:18.455][INF] <1><> 5 ★ Tags
[2025-03-22 08:14:23.059][INF] <1><> 公招识别结果: 
重装干员
医疗干员
群攻
召唤
元素
[2025-03-22 08:14:23.097][INF] <1><> 4 ★ Tags
[2025-03-22 08:14:27.859][INF] <1><> 公招识别结果: 
术师干员
先锋干员
新手
辅助干员
费用回复
[2025-03-22 08:14:27.861][INF] <1><> 3 ★ Tags
[2025-03-22 08:14:29.391][INF] <1><> 已刷新标签
[2025-03-22 08:14:34.501][INF] <1><> 当前槽位已刷新1次
[2025-03-22 08:14:34.979][INF] <1><> 公招识别结果: 
先锋干员
高级资深干员
资深干员
新手
防护
[2025-03-22 08:14:35.040][INF] <1><> 6 ★ Tags
[2025-03-22 08:14:46.916][INF] <1><> 出现错误, 已返回
[2025-03-22 08:14:46.922][INF] <1><> 任务出错: Recruit
[2025-03-22 08:14:47.417][INF] <1><> 开始任务: Infrast
[2025-03-22 08:15:10.229][INF] <1><> 当前设施: Mfg 0
[2025-03-22 08:15:20.448][INF] <1><> 当前设施: Mfg 1
[2025-03-22 08:15:25.097][INF] <1><> 当前设施: Mfg 2
[2025-03-22 08:15:36.562][INF] <1><> 当前设施: Mfg 3
[2025-03-22 08:15:45.736][INF] <1><> 当前设施: Dorm 0
[2025-03-22 08:15:52.016][INF] <1><> 首选干员: 龙舌兰
[2025-03-22 08:16:07.162][INF] <1><> 当前设施: Dorm 0
[2025-03-22 08:16:10.832][INF] <1><> 首选干员: 龙舌兰, 菲亚梅塔
[2025-03-22 08:16:45.193][INF] <1><> 当前设施: Mfg 0
[2025-03-22 08:16:55.321][INF] <1><> 当前设施: Mfg 1
[2025-03-22 08:16:59.947][INF] <1><> 当前设施: Mfg 2
[2025-03-22 08:17:04.580][INF] <1><> 当前设施: Mfg 3
[2025-03-22 08:17:16.809][INF] <1><> 当前设施: Trade 0
[2025-03-22 08:17:28.469][INF] <1><> 首选干员: 巫恋, 卡夫卡, 龙舌兰
[2025-03-22 08:17:58.627][INF] <1><> 当前设施: Trade 1
[2025-03-22 08:18:14.661][INF] <1><> 当前设施: Power 2
[2025-03-22 08:18:20.470][INF] <1><> 首选干员: 雷蛇
[2025-03-22 08:18:36.270][INF] <1><> 当前设施: Reception 0
[2025-03-22 08:19:14.052][INF] <1><> 首选干员: 伊内丝, 伺夜
[2025-03-22 08:19:45.156][INF] <1><> 当前设施: Dorm 0
[2025-03-22 08:19:48.914][INF] <1><> 首选干员: 菲亚梅塔, 澄闪, 格雷伊, 柏喙, 斥罪
[2025-03-22 08:20:18.842][INF] <1><> 当前设施: Dorm 1
[2025-03-22 08:20:22.619][INF] <1><> 首选干员: 诗怀雅, 凯尔希, 夕, 引星棘刺, 陈
[2025-03-22 08:22:20.644][INF] <1><> 当前设施: Dorm 2
[2025-03-22 08:22:24.454][INF] <1><> 首选干员: 爱丽丝, 车尔尼, 塑心
[2025-03-22 08:23:04.019][INF] <1><> 自动保存为下个计划
[2025-03-22 08:23:04.019][INF] <1><> 请在八小时后换班
[2025-03-22 08:23:04.019][INF] <1><> B+C 替补短班 1
[2025-03-22 08:23:04.020][INF] <1><> 完成任务: Infrast
[2025-03-22 08:23:04.518][INF] <1><> 开始任务: Mall
[2025-03-22 08:23:55.141][INF] <1><> 完成任务: 访问好友
[2025-03-22 08:24:39.688][INF] <1><> 完成任务: Mall
[2025-03-22 08:24:40.178][INF] <1><> 开始任务: Award
[2025-03-22 08:25:03.230][INF] <1><> 完成任务: Award
[2025-03-22 08:25:03.233][INF] <1><> 任务已全部完成！